# JRE version: Java(TM) SE Runtime Environment (8.0_65-b17) (build 1.8.0_65-b17)
# Java VM: Java HotSpot(TM) 64-Bit Server VM (25.65-b01 mixed mode windows-amd64 compressed oops)
Heap:
 PSYoungGen      total 1151488K, used 15647K [0x000000076af80000, 0x00000007b3a00000, 0x00000007c0000000)
  eden space 1115648K, 1% used [0x000000076af80000,0x000000076bec7e08,0x00000007af100000)
  from space 35840K, 0% used [0x00000007b1700000,0x00000007b1700000,0x00000007b3a00000)
  to   space 37376K, 0% used [0x00000007af100000,0x00000007af100000,0x00000007b1580000)
 ParOldGen       total 169472K, used 91163K [0x00000006c0e00000, 0x00000006cb380000, 0x000000076af80000)
  object space 169472K, 53% used [0x00000006c0e00000,0x00000006c6706db0,0x00000006cb380000)
 Metaspace       used 101199K, capacity 103596K, committed 104024K, reserved 1140736K
  class space    used 11993K, capacity 12501K, committed 12632K, reserved 1048576K
GC Heap History (10 events):
Event: 1546.966 GC heap before
{Heap before GC invocations=20 (full 4):
 PSYoungGen      total 868864K, used 496035K [0x000000076af80000, 0x00000007aad80000, 0x00000007c0000000)
  eden space 838656K, 55% used [0x000000076af80000,0x0000000787670048,0x000000079e280000)
  from space 30208K, 99% used [0x000000079e280000,0x000000079fff8de8,0x00000007a0000000)
  to   space 34816K, 0% used [0x00000007a8b80000,0x00000007a8b80000,0x00000007aad80000)
 ParOldGen       total 169472K, used 58569K [0x00000006c0e00000, 0x00000006cb380000, 0x000000076af80000)
  object space 169472K, 34% used [0x00000006c0e00000,0x00000006c4732798,0x00000006cb380000)
 Metaspace       used 97129K, capacity 99376K, committed 99544K, reserved 1136640K
  class space    used 11726K, capacity 12204K, committed 12248K, reserved 1048576K
Event: 1546.995 GC heap after
Heap after GC invocations=20 (full 4):
 PSYoungGen      total 1009664K, used 19908K [0x000000076af80000, 0x00000007aab80000, 0x00000007c0000000)
  eden space 976896K, 0% used [0x000000076af80000,0x000000076af80000,0x00000007a6980000)
  from space 32768K, 60% used [0x00000007a8b80000,0x00000007a9ef13b0,0x00000007aab80000)
  to   space 33792K, 0% used [0x00000007a6980000,0x00000007a6980000,0x00000007a8a80000)
 ParOldGen       total 169472K, used 58577K [0x00000006c0e00000, 0x00000006cb380000, 0x000000076af80000)
  object space 169472K, 34% used [0x00000006c0e00000,0x00000006c4734798,0x00000006cb380000)
 Metaspace       used 97129K, capacity 99376K, committed 99544K, reserved 1136640K
  class space    used 11726K, capacity 12204K, committed 12248K, reserved 1048576K
}
Event: 1546.995 GC heap before
{Heap before GC invocations=21 (full 5):
 PSYoungGen      total 1009664K, used 19908K [0x000000076af80000, 0x00000007aab80000, 0x00000007c0000000)
  eden space 976896K, 0% used [0x000000076af80000,0x000000076af80000,0x00000007a6980000)
  from space 32768K, 60% used [0x00000007a8b80000,0x00000007a9ef13b0,0x00000007aab80000)
  to   space 33792K, 0% used [0x00000007a6980000,0x00000007a6980000,0x00000007a8a80000)
 ParOldGen       total 169472K, used 58577K [0x00000006c0e00000, 0x00000006cb380000, 0x000000076af80000)
  object space 169472K, 34% used [0x00000006c0e00000,0x00000006c4734798,0x00000006cb380000)
 Metaspace       used 97129K, capacity 99376K, committed 99544K, reserved 1136640K
  class space    used 11726K, capacity 12204K, committed 12248K, reserved 1048576K
Event: 1547.623 GC heap after
Heap after GC invocations=21 (full 5):
 PSYoungGen      total 1009664K, used 0K [0x000000076af80000, 0x00000007aab80000, 0x00000007c0000000)
  eden space 976896K, 0% used [0x000000076af80000,0x000000076af80000,0x00000007a6980000)
  from space 32768K, 0% used [0x00000007a8b80000,0x00000007a8b80000,0x00000007aab80000)
  to   space 33792K, 0% used [0x00000007a6980000,0x00000007a6980000,0x00000007a8a80000)
 ParOldGen       total 169472K, used 74840K [0x00000006c0e00000, 0x00000006cb380000, 0x000000076af80000)
  object space 169472K, 44% used [0x00000006c0e00000,0x00000006c57161f8,0x00000006cb380000)
 Metaspace       used 96978K, capacity 99136K, committed 99544K, reserved 1136640K
  class space    used 11704K, capacity 12164K, committed 12248K, reserved 1048576K
}
Event: 1555.768 GC heap before
{Heap before GC invocations=22 (full 5):
 PSYoungGen      total 1009664K, used 976896K [0x000000076af80000, 0x00000007aab80000, 0x00000007c0000000)
  eden space 976896K, 100% used [0x000000076af80000,0x00000007a6980000,0x00000007a6980000)
  from space 32768K, 0% used [0x00000007a8b80000,0x00000007a8b80000,0x00000007aab80000)
  to   space 33792K, 0% used [0x00000007a6980000,0x00000007a6980000,0x00000007a8a80000)
 ParOldGen       total 169472K, used 74840K [0x00000006c0e00000, 0x00000006cb380000, 0x000000076af80000)
  object space 169472K, 44% used [0x00000006c0e00000,0x00000006c57161f8,0x00000006cb380000)
 Metaspace       used 100122K, capacity 102554K, committed 102872K, reserved 1140736K
  class space    used 11945K, capacity 12439K, committed 12504K, reserved 1048576K
Event: 1555.792 GC heap after
Heap after GC invocations=22 (full 5):
 PSYoungGen      total 1010688K, used 33766K [0x000000076af80000, 0x00000007b3d00000, 0x00000007c0000000)
  eden space 976896K, 0% used [0x000000076af80000,0x000000076af80000,0x00000007a6980000)
  from space 33792K, 99% used [0x00000007a6980000,0x00000007a8a79a60,0x00000007a8a80000)
  to   space 38912K, 0% used [0x00000007b1700000,0x00000007b1700000,0x00000007b3d00000)
 ParOldGen       total 169472K, used 77778K [0x00000006c0e00000, 0x00000006cb380000, 0x000000076af80000)
  object space 169472K, 45% used [0x00000006c0e00000,0x00000006c59f4938,0x00000006cb380000)
 Metaspace       used 100122K, capacity 102554K, committed 102872K, reserved 1140736K
  class space    used 11945K, capacity 12439K, committed 12504K, reserved 1048576K
}
Event: 1805.956 GC heap before
{Heap before GC invocations=23 (full 5):
 PSYoungGen      total 1010688K, used 412592K [0x000000076af80000, 0x00000007b3d00000, 0x00000007c0000000)
  eden space 976896K, 38% used [0x000000076af80000,0x00000007821725e0,0x00000007a6980000)
  from space 33792K, 99% used [0x00000007a6980000,0x00000007a8a79a60,0x00000007a8a80000)
  to   space 38912K, 0% used [0x00000007b1700000,0x00000007b1700000,0x00000007b3d00000)
 ParOldGen       total 169472K, used 77778K [0x00000006c0e00000, 0x00000006cb380000, 0x000000076af80000)
  object space 169472K, 45% used [0x00000006c0e00000,0x00000006c59f4938,0x00000006cb380000)
 Metaspace       used 101300K, capacity 103826K, committed 104024K, reserved 1140736K
  class space    used 12013K, capacity 12539K, committed 12632K, reserved 1048576K
Event: 1805.969 GC heap after
Heap after GC invocations=23 (full 5):
 PSYoungGen      total 1151488K, used 18893K [0x000000076af80000, 0x00000007b3a00000, 0x00000007c0000000)
  eden space 1115648K, 0% used [0x000000076af80000,0x000000076af80000,0x00000007af100000)
  from space 35840K, 52% used [0x00000007b1700000,0x00000007b29735f0,0x00000007b3a00000)
  to   space 37376K, 0% used [0x00000007af100000,0x00000007af100000,0x00000007b1580000)
 ParOldGen       total 169472K, used 77786K [0x00000006c0e00000, 0x00000006cb380000, 0x000000076af80000)
  object space 169472K, 45% used [0x00000006c0e00000,0x00000006c59f6938,0x00000006cb380000)
 Metaspace       used 101300K, capacity 103826K, committed 104024K, reserved 1140736K
  class space    used 12013K, capacity 12539K, committed 12632K, reserved 1048576K
}
Event: 1805.969 GC heap before
{Heap before GC invocations=24 (full 6):
 PSYoungGen      total 1151488K, used 18893K [0x000000076af80000, 0x00000007b3a00000, 0x00000007c0000000)
  eden space 1115648K, 0% used [0x000000076af80000,0x000000076af80000,0x00000007af100000)
  from space 35840K, 52% used [0x00000007b1700000,0x00000007b29735f0,0x00000007b3a00000)
  to   space 37376K, 0% used [0x00000007af100000,0x00000007af100000,0x00000007b1580000)
 ParOldGen       total 169472K, used 77786K [0x00000006c0e00000, 0x00000006cb380000, 0x000000076af80000)
  object space 169472K, 45% used [0x00000006c0e00000,0x00000006c59f6938,0x00000006cb380000)
 Metaspace       used 101300K, capacity 103826K, committed 104024K, reserved 1140736K
  class space    used 12013K, capacity 12539K, committed 12632K, reserved 1048576K
Event: 1806.470 GC heap after
Heap after GC invocations=24 (full 6):
 PSYoungGen      total 1151488K, used 0K [0x000000076af80000, 0x00000007b3a00000, 0x00000007c0000000)
  eden space 1115648K, 0% used [0x000000076af80000,0x000000076af80000,0x00000007af100000)
  from space 35840K, 0% used [0x00000007b1700000,0x00000007b1700000,0x00000007b3a00000)
  to   space 37376K, 0% used [0x00000007af100000,0x00000007af100000,0x00000007b1580000)
 ParOldGen       total 169472K, used 91163K [0x00000006c0e00000, 0x00000006cb380000, 0x000000076af80000)
  object space 169472K, 53% used [0x00000006c0e00000,0x00000006c6706db0,0x00000006cb380000)
 Metaspace       used 101149K, capacity 103586K, committed 104024K, reserved 1140736K
  class space    used 11991K, capacity 12499K, committed 12632K, reserved 1048576K
}

